2020-01-14 07:43:09.065  INFO 14180 --- [main] com.example.demo.DemoApplication         : Starting DemoApplication on DESKTOP-NCTTJET with PID 14180 (started by 444047485 in D:\微人事项目实战)
2020-01-14 07:43:09.077  INFO 14180 --- [main] com.example.demo.DemoApplication         : No active profile set, falling back to default profiles: default
2020-01-14 07:43:09.302  INFO 14180 --- [main] o.s.b.devtools.restart.ChangeableUrls    : The Class-Path manifest attribute in E:\Mavenrepository\org\glassfish\jaxb\jaxb-runtime\2.3.2\jaxb-runtime-2.3.2.jar referenced one or more files that do not exist: file:/E:/Mavenrepository/org/glassfish/jaxb/jaxb-runtime/2.3.2/jakarta.xml.bind-api-2.3.2.jar,file:/E:/Mavenrepository/org/glassfish/jaxb/jaxb-runtime/2.3.2/txw2-2.3.2.jar,file:/E:/Mavenrepository/org/glassfish/jaxb/jaxb-runtime/2.3.2/istack-commons-runtime-3.0.8.jar,file:/E:/Mavenrepository/org/glassfish/jaxb/jaxb-runtime/2.3.2/stax-ex-1.8.1.jar,file:/E:/Mavenrepository/org/glassfish/jaxb/jaxb-runtime/2.3.2/FastInfoset-1.2.16.jar,file:/E:/Mavenrepository/org/glassfish/jaxb/jaxb-runtime/2.3.2/jakarta.activation-api-1.2.1.jar
2020-01-14 07:43:09.303  INFO 14180 --- [main] .e.DevToolsPropertyDefaultsPostProcessor : Devtools property defaults active! Set 'spring.devtools.add-properties' to 'false' to disable
2020-01-14 07:43:09.303  INFO 14180 --- [main] .e.DevToolsPropertyDefaultsPostProcessor : For additional web related logging consider setting the 'logging.level.web' property to 'DEBUG'
2020-01-14 07:43:10.482  INFO 14180 --- [main] .s.d.r.c.RepositoryConfigurationDelegate : Bootstrapping Spring Data JPA repositories in DEFAULT mode.
2020-01-14 07:43:10.516  INFO 14180 --- [main] .s.d.r.c.RepositoryConfigurationDelegate : Finished Spring Data repository scanning in 23ms. Found 0 JPA repository interfaces.
2020-01-14 07:43:10.681  WARN 14180 --- [main] o.m.s.mapper.ClassPathMapperScanner      : No MyBatis mapper was found in '[com.example.demo.Mapper]' package. Please check your configuration.
2020-01-14 07:43:10.948  INFO 14180 --- [main] trationDelegate$BeanPostProcessorChecker : Bean 'com.alibaba.druid.spring.boot.autoconfigure.stat.DruidSpringAopConfiguration' of type [com.alibaba.druid.spring.boot.autoconfigure.stat.DruidSpringAopConfiguration] is not eligible for getting processed by all BeanPostProcessors (for example: not eligible for auto-proxying)
2020-01-14 07:43:10.980  INFO 14180 --- [main] trationDelegate$BeanPostProcessorChecker : Bean 'org.springframework.transaction.annotation.ProxyTransactionManagementConfiguration' of type [org.springframework.transaction.annotation.ProxyTransactionManagementConfiguration] is not eligible for getting processed by all BeanPostProcessors (for example: not eligible for auto-proxying)
2020-01-14 07:43:11.021  INFO 14180 --- [main] trationDelegate$BeanPostProcessorChecker : Bean 'spring.datasource.druid-com.alibaba.druid.spring.boot.autoconfigure.properties.DruidStatProperties' of type [com.alibaba.druid.spring.boot.autoconfigure.properties.DruidStatProperties] is not eligible for getting processed by all BeanPostProcessors (for example: not eligible for auto-proxying)
2020-01-14 07:43:11.031  INFO 14180 --- [main] trationDelegate$BeanPostProcessorChecker : Bean 'advisor' of type [org.springframework.aop.support.RegexpMethodPointcutAdvisor] is not eligible for getting processed by all BeanPostProcessors (for example: not eligible for auto-proxying)
2020-01-14 07:43:11.042  INFO 14180 --- [main] trationDelegate$BeanPostProcessorChecker : Bean 'org.springframework.security.config.annotation.configuration.ObjectPostProcessorConfiguration' of type [org.springframework.security.config.annotation.configuration.ObjectPostProcessorConfiguration] is not eligible for getting processed by all BeanPostProcessors (for example: not eligible for auto-proxying)
2020-01-14 07:43:11.045  INFO 14180 --- [main] trationDelegate$BeanPostProcessorChecker : Bean 'objectPostProcessor' of type [org.springframework.security.config.annotation.configuration.AutowireBeanFactoryObjectPostProcessor] is not eligible for getting processed by all BeanPostProcessors (for example: not eligible for auto-proxying)
2020-01-14 07:43:11.047  INFO 14180 --- [main] trationDelegate$BeanPostProcessorChecker : Bean 'org.springframework.security.access.expression.method.DefaultMethodSecurityExpressionHandler@3289079a' of type [org.springframework.security.access.expression.method.DefaultMethodSecurityExpressionHandler] is not eligible for getting processed by all BeanPostProcessors (for example: not eligible for auto-proxying)
2020-01-14 07:43:11.049  INFO 14180 --- [main] trationDelegate$BeanPostProcessorChecker : Bean 'org.springframework.security.config.annotation.method.configuration.GlobalMethodSecurityConfiguration' of type [org.springframework.security.config.annotation.method.configuration.GlobalMethodSecurityConfiguration] is not eligible for getting processed by all BeanPostProcessors (for example: not eligible for auto-proxying)
2020-01-14 07:43:11.053  INFO 14180 --- [main] trationDelegate$BeanPostProcessorChecker : Bean 'methodSecurityMetadataSource' of type [org.springframework.security.access.method.DelegatingMethodSecurityMetadataSource] is not eligible for getting processed by all BeanPostProcessors (for example: not eligible for auto-proxying)
2020-01-14 07:43:11.838  INFO 14180 --- [main] o.s.b.w.embedded.tomcat.TomcatWebServer  : Tomcat initialized with port(s): 8080 (http)
2020-01-14 07:43:11.868  INFO 14180 --- [main] o.apache.catalina.core.StandardService   : Starting service [Tomcat]
2020-01-14 07:43:11.869  INFO 14180 --- [main] org.apache.catalina.core.StandardEngine  : Starting Servlet engine: [Apache Tomcat/9.0.29]
2020-01-14 07:43:12.091  INFO 14180 --- [main] o.a.c.c.C.[Tomcat].[localhost].[/]       : Initializing Spring embedded WebApplicationContext
2020-01-14 07:43:12.092  INFO 14180 --- [main] o.s.web.context.ContextLoader            : Root WebApplicationContext: initialization completed in 2788 ms
2020-01-14 07:43:12.290  INFO 14180 --- [main] c.a.d.s.b.a.DruidDataSourceAutoConfigure : Init DruidDataSource
2020-01-14 07:43:13.431  INFO 14180 --- [main] com.alibaba.druid.pool.DruidDataSource   : {dataSource-1} inited
2020-01-14 07:43:13.872  INFO 14180 --- [main] o.hibernate.jpa.internal.util.LogHelper  : HHH000204: Processing PersistenceUnitInfo [name: default]
2020-01-14 07:43:14.106  INFO 14180 --- [main] org.hibernate.Version                    : HHH000412: Hibernate Core {5.4.9.Final}
2020-01-14 07:43:14.519  INFO 14180 --- [main] o.hibernate.annotations.common.Version   : HCANN000001: Hibernate Commons Annotations {5.1.0.Final}
2020-01-14 07:43:14.705  INFO 14180 --- [main] org.hibernate.dialect.Dialect            : HHH000400: Using dialect: org.hibernate.dialect.MySQL8Dialect
2020-01-14 07:43:15.001  INFO 14180 --- [main] o.h.e.t.j.p.i.JtaPlatformInitiator       : HHH000490: Using JtaPlatform implementation: [org.hibernate.engine.transaction.jta.platform.internal.NoJtaPlatform]
2020-01-14 07:43:15.018  INFO 14180 --- [main] j.LocalContainerEntityManagerFactoryBean : Initialized JPA EntityManagerFactory for persistence unit 'default'
2020-01-14 07:43:15.075  WARN 14180 --- [main] JpaBaseConfiguration$JpaWebConfiguration : spring.jpa.open-in-view is enabled by default. Therefore, database queries may be performed during view rendering. Explicitly configure spring.jpa.open-in-view to disable this warning
2020-01-14 07:43:15.398  INFO 14180 --- [main] o.s.s.concurrent.ThreadPoolTaskExecutor  : Initializing ExecutorService 'applicationTaskExecutor'
2020-01-14 07:43:15.528  INFO 14180 --- [main] o.s.b.a.w.s.WelcomePageHandlerMapping    : Adding welcome page template: index
2020-01-14 07:43:16.478  INFO 14180 --- [main] .s.s.UserDetailsServiceAutoConfiguration : 

Using generated security password: 51f6dca3-0f51-4eec-95ef-5ea95e75c9d6

2020-01-14 07:43:16.609  INFO 14180 --- [main] o.s.s.web.DefaultSecurityFilterChain     : Creating filter chain: Ant [pattern='/css/**'], []
2020-01-14 07:43:16.610  INFO 14180 --- [main] o.s.s.web.DefaultSecurityFilterChain     : Creating filter chain: Ant [pattern='/js/**'], []
2020-01-14 07:43:16.610  INFO 14180 --- [main] o.s.s.web.DefaultSecurityFilterChain     : Creating filter chain: Ant [pattern='/assets/**'], []
2020-01-14 07:43:16.760  INFO 14180 --- [main] o.s.s.web.DefaultSecurityFilterChain     : Creating filter chain: any request, [org.springframework.security.web.context.request.async.WebAsyncManagerIntegrationFilter@68f79b7c, org.springframework.security.web.context.SecurityContextPersistenceFilter@543d2ef3, org.springframework.security.web.header.HeaderWriterFilter@45cb5307, org.springframework.security.web.authentication.logout.LogoutFilter@6f80cf5, org.springframework.security.web.authentication.UsernamePasswordAuthenticationFilter@7b7e4b20, org.springframework.security.web.savedrequest.RequestCacheAwareFilter@99223ac, org.springframework.security.web.servletapi.SecurityContextHolderAwareRequestFilter@45f8415b, org.springframework.security.web.authentication.AnonymousAuthenticationFilter@37142579, org.springframework.security.web.session.SessionManagementFilter@50ac1249, org.springframework.security.web.access.ExceptionTranslationFilter@4910afdf, org.springframework.security.web.access.intercept.FilterSecurityInterceptor@3580134d]
2020-01-14 07:43:17.132  INFO 14180 --- [main] o.s.b.d.a.OptionalLiveReloadServer       : LiveReload server is running on port 35729
2020-01-14 07:43:17.286  INFO 14180 --- [main] o.s.b.w.embedded.tomcat.TomcatWebServer  : Tomcat started on port(s): 8080 (http) with context path ''
2020-01-14 07:43:17.292  INFO 14180 --- [main] com.example.demo.DemoApplication         : Started DemoApplication in 9.153 seconds (JVM running for 14.513)
2020-01-14 07:43:28.250  INFO 14180 --- [http-nio-8080-exec-1] o.a.c.c.C.[Tomcat].[localhost].[/]       : Initializing Spring DispatcherServlet 'dispatcherServlet'
2020-01-14 07:43:28.251  INFO 14180 --- [http-nio-8080-exec-1] o.s.web.servlet.DispatcherServlet        : Initializing Servlet 'dispatcherServlet'
2020-01-14 07:43:28.260  INFO 14180 --- [http-nio-8080-exec-1] o.s.web.servlet.DispatcherServlet        : Completed initialization in 9 ms
2020-01-14 12:05:18.507  WARN 14180 --- [http-nio-8080-exec-7] o.m.s.mapper.ClassPathMapperScanner      : No MyBatis mapper was found in '[com.example.demo.Mapper]' package. Please check your configuration.
2020-01-14 12:05:18.535  INFO 14180 --- [http-nio-8080-exec-7] .s.d.r.c.RepositoryConfigurationDelegate : Bootstrapping Spring Data JPA repositories in DEFAULT mode.
2020-01-14 12:05:18.548  INFO 14180 --- [http-nio-8080-exec-7] .s.d.r.c.RepositoryConfigurationDelegate : Finished Spring Data repository scanning in 12ms. Found 0 JPA repository interfaces.
2020-01-14 12:05:19.125  INFO 14180 --- [http-nio-8080-exec-7] .s.d.r.c.RepositoryConfigurationDelegate : Bootstrapping Spring Data JPA repositories in DEFAULT mode.
2020-01-14 12:05:19.708  INFO 14180 --- [http-nio-8080-exec-7] .s.d.r.c.RepositoryConfigurationDelegate : Finished Spring Data repository scanning in 581ms. Found 0 JPA repository interfaces.
